This is pdfTeX, Version 3.1415926-2.4-1.40.13 (MiKTeX 2.9) (preloaded format=pdflatex 2014.3.22)  2 NOV 2019 18:16
entering extended mode
**Guide.tex
(C:\cygwin\home\Julian\jrcpp\docs\src\Guide.tex
LaTeX2e <2011/06/27>
Babel <v3.8m> and hyphenation patterns for english, afrikaans, ancientgreek, ar
abic, armenian, assamese, basque, bengali, bokmal, bulgarian, catalan, coptic, 
croatian, czech, danish, dutch, esperanto, estonian, farsi, finnish, french, ga
lician, german, german-x-2012-05-30, greek, gujarati, hindi, hungarian, iceland
ic, indonesian, interlingua, irish, italian, kannada, kurmanji, latin, latvian,
 lithuanian, malayalam, marathi, mongolian, mongolianlmc, monogreek, ngerman, n
german-x-2012-05-30, nynorsk, oriya, panjabi, pinyin, polish, portuguese, roman
ian, russian, sanskrit, serbian, slovak, slovenian, spanish, swedish, swissgerm
an, tamil, telugu, turkish, turkmen, ukenglish, ukrainian, uppersorbian, usengl
ishmax, welsh, loaded.
("C:\Program Files (x86)\MiKTeX 2.9\tex\latex\base\article.cls"
Document Class: article 2007/10/19 v1.4h Standard LaTeX document class
("C:\Program Files (x86)\MiKTeX 2.9\tex\latex\base\size10.clo"
File: size10.clo 2007/10/19 v1.4h Standard LaTeX file (size option)
)
\c@part=\count79
\c@section=\count80
\c@subsection=\count81
\c@subsubsection=\count82
\c@paragraph=\count83
\c@subparagraph=\count84
\c@figure=\count85
\c@table=\count86
\abovecaptionskip=\skip41
\belowcaptionskip=\skip42
\bibindent=\dimen102
)
("C:\Program Files (x86)\MiKTeX 2.9\tex\latex\tools\longtable.sty"
Package: longtable 2004/02/01 v4.11 Multi-page Table package (DPC)
\LTleft=\skip43
\LTright=\skip44
\LTpre=\skip45
\LTpost=\skip46
\LTchunksize=\count87
\LTcapwidth=\dimen103
\LT@head=\box26
\LT@firsthead=\box27
\LT@foot=\box28
\LT@lastfoot=\box29
\LT@cols=\count88
\LT@rows=\count89
\c@LT@tables=\count90
\c@LT@chunks=\count91
\LT@p@ftn=\toks14
)
(C:\cygwin\home\Julian\jrcpp\docs\src\Guide.aux)
LaTeX Font Info:    Checking defaults for OML/cmm/m/it on input line 4.
LaTeX Font Info:    ... okay on input line 4.
LaTeX Font Info:    Checking defaults for T1/cmr/m/n on input line 4.
LaTeX Font Info:    ... okay on input line 4.
LaTeX Font Info:    Checking defaults for OT1/cmr/m/n on input line 4.
LaTeX Font Info:    ... okay on input line 4.
LaTeX Font Info:    Checking defaults for OMS/cmsy/m/n on input line 4.
LaTeX Font Info:    ... okay on input line 4.
LaTeX Font Info:    Checking defaults for OMX/cmex/m/n on input line 4.
LaTeX Font Info:    ... okay on input line 4.
LaTeX Font Info:    Checking defaults for U/cmr/m/n on input line 4.
LaTeX Font Info:    ... okay on input line 4.
LaTeX Font Info:    External font `cmex10' loaded for size
(Font)              <12> on input line 8.
LaTeX Font Info:    External font `cmex10' loaded for size
(Font)              <8> on input line 8.
LaTeX Font Info:    External font `cmex10' loaded for size
(Font)              <6> on input line 8.
 [1

{C:/ProgramData/MiKTeX/2.9/pdftex/config/pdftex.map}] (C:\cygwin\home\Julian\jr
cpp\docs\src\Guide.toc
LaTeX Font Info:    External font `cmex10' loaded for size
(Font)              <7> on input line 3.
LaTeX Font Info:    External font `cmex10' loaded for size
(Font)              <5> on input line 3.
)
\tf@toc=\write3

[2

] (C:\cygwin\home\Julian\jrcpp\docs\src\Introduction.tex)
(C:\cygwin\home\Julian\jrcpp\docs\src\YourCharacter.tex [1]
LaTeX Font Info:    Try loading font information for OMS+cmr on input line 25.

("C:\Program Files (x86)\MiKTeX 2.9\tex\latex\base\omscmr.fd"
File: omscmr.fd 1999/05/25 v2.5h Standard LaTeX font definitions
)
LaTeX Font Info:    Font shape `OMS/cmr/m/n' in size <10> not available
(Font)              Font shape `OMS/cmsy/m/n' tried instead on input line 25.
 [2]
Overfull \hbox (2.2229pt too wide) in paragraph at lines 71--79
\OT1/cmr/m/n/10 about two-thirds the size of men, but stocky, and dis-pro-por-t
ion-ately strong.
 []


Overfull \hbox (0.94514pt too wide) in paragraph at lines 71--79
\OT1/cmr/m/n/10 Car-ry-ing, De-tec-tion, Dis-arm Traps, Moun-tain Lore, Night S
ight, Smithing,
 []

[3] [4] [5] [6] [7] [8] [9] [10] [11]
Overfull \hbox (5.52179pt too wide) in paragraph at lines 537--538
\OT1/cmr/bx/n/10 Axes\OT1/cmr/m/n/10 , \OT1/cmr/bx/n/10 Short Blades\OT1/cmr/m/
n/10 , \OT1/cmr/bx/n/10 Long Blades\OT1/cmr/m/n/10 , \OT1/cmr/bx/n/10 Blud-geon
s\OT1/cmr/m/n/10 , \OT1/cmr/bx/n/10 Dag-gers\OT1/cmr/m/n/10 , \OT1/cmr/bx/n/10 
Rods and Staves\OT1/cmr/m/n/10 ,
 []

[12]
Overfull \hbox (6.56277pt too wide) in paragraph at lines 565--570
[]\OT1/cmr/bx/n/10 Primordial\OT1/cmr/m/n/10 : Pri-mor-dial magic, of-ten re-fe
rred to sim-ply as ``shadow magic'',
 []

[13] [14]) (C:\cygwin\home\Julian\jrcpp\docs\src\TheWorld.tex [15] [16]
[17]) (C:\cygwin\home\Julian\jrcpp\docs\src\CommandRef.tex [18]

LaTeX Warning: Command \textless invalid in math mode on input line 26.

LaTeX Font Info:    Try loading font information for OML+cmr on input line 26.
("C:\Program Files (x86)\MiKTeX 2.9\tex\latex\base\omlcmr.fd"
File: omlcmr.fd 1999/05/25 v2.5h Standard LaTeX font definitions
)
LaTeX Font Info:    Font shape `OML/cmr/bx/n' in size <10> not available
(Font)              Font shape `OML/cmm/b/it' tried instead on input line 26.


LaTeX Warning: Command \textless invalid in math mode on input line 26.


LaTeX Warning: Command \textgreater invalid in math mode on input line 28.


LaTeX Warning: Command \textgreater invalid in math mode on input line 28.

[19] [20]) [21] (C:\cygwin\home\Julian\jrcpp\docs\src\Guide.aux) ) 
Here is how much of TeX's memory you used:
 382 strings out of 493921
 5014 string characters out of 3144873
 55108 words of memory out of 3000000
 3721 multiletter control sequences out of 15000+200000
 8767 words of font info for 31 fonts, out of 3000000 for 9000
 841 hyphenation exceptions out of 8191
 23i,7n,19p,562b,187s stack positions out of 5000i,500n,10000p,200000b,50000s
<C:/Program F
iles (x86)/MiKTeX 2.9/fonts/type1/public/amsfonts/cm/cmbx10.pfb><C:/Program Fil
es (x86)/MiKTeX 2.9/fonts/type1/public/amsfonts/cm/cmbx12.pfb><C:/Program Files
 (x86)/MiKTeX 2.9/fonts/type1/public/amsfonts/cm/cmmi10.pfb><C:/Program Files (
x86)/MiKTeX 2.9/fonts/type1/public/amsfonts/cm/cmr10.pfb><C:/Program Files (x86
)/MiKTeX 2.9/fonts/type1/public/amsfonts/cm/cmr12.pfb><C:/Program Files (x86)/M
iKTeX 2.9/fonts/type1/public/amsfonts/cm/cmr17.pfb><C:/Program Files (x86)/MiKT
eX 2.9/fonts/type1/public/amsfonts/cm/cmsy10.pfb><C:/Program Files (x86)/MiKTeX
 2.9/fonts/type1/public/amsfonts/cm/cmti10.pfb><C:/Program Files (x86)/MiKTeX 2
.9/fonts/type1/public/amsfonts/cm/cmtt10.pfb>
Output written on Guide.pdf (23 pages, 190099 bytes).
PDF statistics:
 112 PDF objects out of 1000 (max. 8388607)
 0 named destinations out of 1000 (max. 500000)
 1 words of extra memory for PDF output out of 10000 (max. 10000000)

